{"/Users/pasiuta/work/external/barbecue/src/App.ts": {"path":"/Users/pasiuta/work/external/barbecue/src/App.ts","statementMap":{"0":{"start":{"line":1,"column":0},"end":{"line":1,"column":30}},"1":{"start":{"line":2,"column":0},"end":{"line":2,"column":77}},"2":{"start":{"line":10,"column":4},"end":{"line":10,"column":26}},"3":{"start":{"line":14,"column":4},"end":{"line":14,"column":26}},"4":{"start":{"line":18,"column":4},"end":{"line":18,"column":30}},"5":{"start":{"line":22,"column":4},"end":{"line":22,"column":21}},"6":{"start":{"line":26,"column":17},"end":{"line":26,"column":80}},"7":{"start":{"line":27,"column":4},"end":{"line":27,"column":58}},"8":{"start":{"line":28,"column":4},"end":{"line":28,"column":95}},"9":{"start":{"line":29,"column":4},"end":{"line":29,"column":72}},"10":{"start":{"line":7,"column":0},"end":{"line":31,"column":1}}},"fnMap":{"0":{"name":"(anonymous_0)","decl":{"start":{"line":9,"column":9},"end":{"line":9,"column":14}},"loc":{"start":{"line":9,"column":26},"end":{"line":11,"column":3}}},"1":{"name":"(anonymous_1)","decl":{"start":{"line":13,"column":9},"end":{"line":13,"column":14}},"loc":{"start":{"line":13,"column":26},"end":{"line":15,"column":3}}},"2":{"name":"(anonymous_2)","decl":{"start":{"line":17,"column":9},"end":{"line":17,"column":14}},"loc":{"start":{"line":17,"column":30},"end":{"line":19,"column":3}}},"3":{"name":"(anonymous_3)","decl":{"start":{"line":21,"column":9},"end":{"line":21,"column":14}},"loc":{"start":{"line":21,"column":26},"end":{"line":23,"column":3}}},"4":{"name":"(anonymous_4)","decl":{"start":{"line":25,"column":9},"end":{"line":25,"column":14}},"loc":{"start":{"line":25,"column":33},"end":{"line":30,"column":3}}}},"branchMap":{"0":{"loc":{"start":{"line":26,"column":34},"end":{"line":26,"column":55}},"type":"cond-expr","locations":[{"start":{"line":26,"column":34},"end":{"line":26,"column":55}},{"start":{"line":26,"column":58},"end":{"line":26,"column":80}}]}},"s":{"0":2,"1":2,"2":6,"3":10,"4":2,"5":0,"6":2,"7":2,"8":2,"9":2,"10":2},"f":{"0":6,"1":10,"2":2,"3":0,"4":2},"b":{"0":[2,0]}}
,"/Users/pasiuta/work/external/barbecue/src/Server.ts": {"path":"/Users/pasiuta/work/external/barbecue/src/Server.ts","statementMap":{"0":{"start":{"line":1,"column":0},"end":{"line":1,"column":41}},"1":{"start":{"line":2,"column":0},"end":{"line":2,"column":34}},"2":{"start":{"line":3,"column":0},"end":{"line":3,"column":36}},"3":{"start":{"line":5,"column":0},"end":{"line":5,"column":27}},"4":{"start":{"line":6,"column":0},"end":{"line":6,"column":33}},"5":{"start":{"line":14,"column":4},"end":{"line":14,"column":32}},"6":{"start":{"line":15,"column":4},"end":{"line":15,"column":27}},"7":{"start":{"line":16,"column":4},"end":{"line":16,"column":22}},"8":{"start":{"line":17,"column":4},"end":{"line":19,"column":80}},"9":{"start":{"line":18,"column":18},"end":{"line":18,"column":65}},"10":{"start":{"line":19,"column":22},"end":{"line":19,"column":78}},"11":{"start":{"line":23,"column":4},"end":{"line":23,"column":27}},"12":{"start":{"line":27,"column":4},"end":{"line":29,"column":7}},"13":{"start":{"line":28,"column":6},"end":{"line":28,"column":46}},"14":{"start":{"line":31,"column":4},"end":{"line":31,"column":51}},"15":{"start":{"line":35,"column":4},"end":{"line":40,"column":7}},"16":{"start":{"line":36,"column":6},"end":{"line":38,"column":7}},"17":{"start":{"line":37,"column":8},"end":{"line":37,"column":20}},"18":{"start":{"line":39,"column":6},"end":{"line":39,"column":22}},"19":{"start":{"line":44,"column":4},"end":{"line":44,"column":36}},"20":{"start":{"line":45,"column":4},"end":{"line":45,"column":32}},"21":{"start":{"line":52,"column":4},"end":{"line":52,"column":40}},"22":{"start":{"line":53,"column":4},"end":{"line":53,"column":63}},"23":{"start":{"line":54,"column":4},"end":{"line":54,"column":33}},"24":{"start":{"line":55,"column":4},"end":{"line":66,"column":7}},"25":{"start":{"line":56,"column":6},"end":{"line":56,"column":33}},"26":{"start":{"line":58,"column":6},"end":{"line":58,"column":53}},"27":{"start":{"line":59,"column":6},"end":{"line":59,"column":80}},"28":{"start":{"line":60,"column":6},"end":{"line":60,"column":80}},"29":{"start":{"line":61,"column":6},"end":{"line":65,"column":7}},"30":{"start":{"line":62,"column":8},"end":{"line":62,"column":31}},"31":{"start":{"line":64,"column":8},"end":{"line":64,"column":15}},"32":{"start":{"line":73,"column":4},"end":{"line":73,"column":29}},"33":{"start":{"line":74,"column":4},"end":{"line":76,"column":7}},"34":{"start":{"line":75,"column":6},"end":{"line":75,"column":57}},"35":{"start":{"line":80,"column":17},"end":{"line":80,"column":42}},"36":{"start":{"line":81,"column":17},"end":{"line":81,"column":42}},"37":{"start":{"line":82,"column":17},"end":{"line":82,"column":42}},"38":{"start":{"line":83,"column":16},"end":{"line":83,"column":51}},"39":{"start":{"line":84,"column":4},"end":{"line":84,"column":44}},"40":{"start":{"line":86,"column":4},"end":{"line":94,"column":7}},"41":{"start":{"line":87,"column":6},"end":{"line":87,"column":28}},"42":{"start":{"line":88,"column":6},"end":{"line":91,"column":9}},"43":{"start":{"line":89,"column":8},"end":{"line":89,"column":90}},"44":{"start":{"line":90,"column":8},"end":{"line":90,"column":23}},"45":{"start":{"line":93,"column":6},"end":{"line":93,"column":16}},"46":{"start":{"line":8,"column":0},"end":{"line":96,"column":1}}},"fnMap":{"0":{"name":"(anonymous_0)","decl":{"start":{"line":13,"column":2},"end":{"line":null,"column":-1}},"loc":{"start":{"line":13,"column":2},"end":{"line":20,"column":3}}},"1":{"name":"(anonymous_1)","decl":{"start":{"line":18,"column":12},"end":{"line":18,"column":14}},"loc":{"start":{"line":18,"column":18},"end":{"line":18,"column":65}}},"2":{"name":"(anonymous_2)","decl":{"start":{"line":19,"column":13},"end":{"line":19,"column":14}},"loc":{"start":{"line":19,"column":22},"end":{"line":19,"column":78}}},"3":{"name":"(anonymous_3)","decl":{"start":{"line":22,"column":2},"end":{"line":22,"column":5}},"loc":{"start":{"line":22,"column":13},"end":{"line":24,"column":3}}},"4":{"name":"(anonymous_4)","decl":{"start":{"line":26,"column":9},"end":{"line":26,"column":14}},"loc":{"start":{"line":26,"column":28},"end":{"line":32,"column":3}}},"5":{"name":"(anonymous_5)","decl":{"start":{"line":27,"column":36},"end":{"line":27,"column":38}},"loc":{"start":{"line":27,"column":41},"end":{"line":29,"column":5}}},"6":{"name":"(anonymous_6)","decl":{"start":{"line":34,"column":9},"end":{"line":34,"column":15}},"loc":{"start":{"line":34,"column":65},"end":{"line":41,"column":3}}},"7":{"name":"(anonymous_7)","decl":{"start":{"line":35,"column":32},"end":{"line":35,"column":33}},"loc":{"start":{"line":35,"column":65},"end":{"line":40,"column":5}}},"8":{"name":"(anonymous_8)","decl":{"start":{"line":43,"column":9},"end":{"line":43,"column":13}},"loc":{"start":{"line":43,"column":34},"end":{"line":46,"column":3}}},"9":{"name":"(anonymous_9)","decl":{"start":{"line":51,"column":10},"end":{"line":51,"column":24}},"loc":{"start":{"line":51,"column":25},"end":{"line":67,"column":3}}},"10":{"name":"(anonymous_10)","decl":{"start":{"line":55,"column":21},"end":{"line":55,"column":22}},"loc":{"start":{"line":55,"column":40},"end":{"line":66,"column":5}}},"11":{"name":"(anonymous_11)","decl":{"start":{"line":72,"column":10},"end":{"line":72,"column":19}},"loc":{"start":{"line":72,"column":20},"end":{"line":77,"column":3}}},"12":{"name":"(anonymous_12)","decl":{"start":{"line":74,"column":26},"end":{"line":74,"column":27}},"loc":{"start":{"line":74,"column":39},"end":{"line":76,"column":5}}},"13":{"name":"(anonymous_13)","decl":{"start":{"line":79,"column":10},"end":{"line":79,"column":20}},"loc":{"start":{"line":79,"column":21},"end":{"line":95,"column":3}}},"14":{"name":"(anonymous_14)","decl":{"start":{"line":86,"column":23},"end":{"line":86,"column":24}},"loc":{"start":{"line":86,"column":43},"end":{"line":94,"column":5}}},"15":{"name":"(anonymous_15)","decl":{"start":{"line":88,"column":38},"end":{"line":88,"column":40}},"loc":{"start":{"line":88,"column":43},"end":{"line":91,"column":7}}}},"branchMap":{"0":{"loc":{"start":{"line":36,"column":6},"end":{"line":38,"column":7}},"type":"if","locations":[{"start":{"line":36,"column":6},"end":{"line":38,"column":7}},{"start":{"line":36,"column":6},"end":{"line":38,"column":7}}]},"1":{"loc":{"start":{"line":61,"column":6},"end":{"line":65,"column":7}},"type":"if","locations":[{"start":{"line":61,"column":6},"end":{"line":65,"column":7}},{"start":{"line":61,"column":6},"end":{"line":65,"column":7}}]}},"s":{"0":1,"1":1,"2":1,"3":1,"4":1,"5":1,"6":1,"7":1,"8":1,"9":1,"10":0,"11":10,"12":1,"13":0,"14":1,"15":0,"16":0,"17":0,"18":0,"19":1,"20":1,"21":1,"22":1,"23":1,"24":1,"25":4,"26":4,"27":4,"28":4,"29":4,"30":0,"31":4,"32":1,"33":1,"34":0,"35":1,"36":1,"37":1,"38":1,"39":1,"40":1,"41":1,"42":1,"43":0,"44":0,"45":1,"46":1},"f":{"0":1,"1":1,"2":0,"3":10,"4":1,"5":0,"6":0,"7":0,"8":1,"9":1,"10":4,"11":1,"12":0,"13":1,"14":1,"15":0},"b":{"0":[0,0],"1":[0,4]}}
,"/Users/pasiuta/work/external/barbecue/src/controllers/Category.ts": {"path":"/Users/pasiuta/work/external/barbecue/src/controllers/Category.ts","statementMap":{"0":{"start":{"line":2,"column":0},"end":{"line":2,"column":45}},"1":{"start":{"line":6,"column":23},"end":{"line":6,"column":44}},"2":{"start":{"line":7,"column":4},"end":{"line":7,"column":25}},"3":{"start":{"line":11,"column":18},"end":{"line":11,"column":37}},"4":{"start":{"line":12,"column":21},"end":{"line":12,"column":52}},"5":{"start":{"line":13,"column":4},"end":{"line":13,"column":23}},"6":{"start":{"line":4,"column":0},"end":{"line":15,"column":1}}},"fnMap":{"0":{"name":"(anonymous_6)","decl":{"start":{"line":5,"column":9},"end":{"line":5,"column":14}},"loc":{"start":{"line":5,"column":66},"end":{"line":8,"column":3}}},"1":{"name":"(anonymous_8)","decl":{"start":{"line":10,"column":9},"end":{"line":10,"column":14}},"loc":{"start":{"line":10,"column":68},"end":{"line":14,"column":3}}}},"branchMap":{},"s":{"0":1,"1":0,"2":0,"3":0,"4":0,"5":0,"6":1},"f":{"0":0,"1":0},"b":{}}
,"/Users/pasiuta/work/external/barbecue/src/controllers/Product.ts": {"path":"/Users/pasiuta/work/external/barbecue/src/controllers/Product.ts","statementMap":{"0":{"start":{"line":2,"column":0},"end":{"line":2,"column":40}},"1":{"start":{"line":3,"column":0},"end":{"line":3,"column":28}},"2":{"start":{"line":4,"column":0},"end":{"line":4,"column":93}},"3":{"start":{"line":5,"column":0},"end":{"line":5,"column":45}},"4":{"start":{"line":6,"column":0},"end":{"line":6,"column":43}},"5":{"start":{"line":10,"column":19},"end":{"line":10,"column":60}},"6":{"start":{"line":11,"column":4},"end":{"line":11,"column":38}},"7":{"start":{"line":12,"column":4},"end":{"line":12,"column":35}},"8":{"start":{"line":13,"column":4},"end":{"line":13,"column":23}},"9":{"start":{"line":17,"column":15},"end":{"line":17,"column":38}},"10":{"start":{"line":18,"column":4},"end":{"line":23,"column":5}},"11":{"start":{"line":19,"column":6},"end":{"line":19,"column":38}},"12":{"start":{"line":21,"column":22},"end":{"line":21,"column":49}},"13":{"start":{"line":22,"column":6},"end":{"line":22,"column":24}},"14":{"start":{"line":27,"column":21},"end":{"line":27,"column":73}},"15":{"start":{"line":28,"column":20},"end":{"line":28,"column":64}},"16":{"start":{"line":29,"column":4},"end":{"line":29,"column":22}},"17":{"start":{"line":33,"column":21},"end":{"line":33,"column":41}},"18":{"start":{"line":34,"column":4},"end":{"line":34,"column":41}},"19":{"start":{"line":38,"column":21},"end":{"line":38,"column":41}},"20":{"start":{"line":39,"column":4},"end":{"line":39,"column":41}},"21":{"start":{"line":43,"column":16},"end":{"line":43,"column":53}},"22":{"start":{"line":44,"column":32},"end":{"line":44,"column":61}},"23":{"start":{"line":45,"column":4},"end":{"line":50,"column":5}},"24":{"start":{"line":46,"column":19},"end":{"line":46,"column":55}},"25":{"start":{"line":47,"column":6},"end":{"line":47,"column":21}},"26":{"start":{"line":49,"column":6},"end":{"line":49,"column":25}},"27":{"start":{"line":8,"column":0},"end":{"line":52,"column":1}}},"fnMap":{"0":{"name":"(anonymous_6)","decl":{"start":{"line":9,"column":9},"end":{"line":9,"column":14}},"loc":{"start":{"line":9,"column":64},"end":{"line":14,"column":3}}},"1":{"name":"(anonymous_8)","decl":{"start":{"line":16,"column":9},"end":{"line":16,"column":14}},"loc":{"start":{"line":16,"column":64},"end":{"line":24,"column":3}}},"2":{"name":"(anonymous_10)","decl":{"start":{"line":26,"column":9},"end":{"line":26,"column":14}},"loc":{"start":{"line":26,"column":70},"end":{"line":30,"column":3}}},"3":{"name":"(anonymous_12)","decl":{"start":{"line":32,"column":9},"end":{"line":32,"column":14}},"loc":{"start":{"line":32,"column":63},"end":{"line":35,"column":3}}},"4":{"name":"(anonymous_14)","decl":{"start":{"line":37,"column":9},"end":{"line":37,"column":14}},"loc":{"start":{"line":37,"column":63},"end":{"line":40,"column":3}}},"5":{"name":"(anonymous_16)","decl":{"start":{"line":42,"column":9},"end":{"line":42,"column":14}},"loc":{"start":{"line":42,"column":57},"end":{"line":51,"column":3}}}},"branchMap":{"0":{"loc":{"start":{"line":18,"column":4},"end":{"line":23,"column":5}},"type":"if","locations":[{"start":{"line":18,"column":4},"end":{"line":23,"column":5}},{"start":{"line":18,"column":4},"end":{"line":23,"column":5}}]}},"s":{"0":2,"1":2,"2":2,"3":2,"4":2,"5":3,"6":3,"7":3,"8":3,"9":4,"10":4,"11":1,"12":3,"13":3,"14":0,"15":0,"16":0,"17":0,"18":0,"19":1,"20":1,"21":2,"22":2,"23":2,"24":2,"25":2,"26":0,"27":2},"f":{"0":3,"1":4,"2":0,"3":0,"4":1,"5":2},"b":{"0":[1,3]}}
,"/Users/pasiuta/work/external/barbecue/src/controllers/Status.ts": {"path":"/Users/pasiuta/work/external/barbecue/src/controllers/Status.ts","statementMap":{"0":{"start":{"line":6,"column":4},"end":{"line":9,"column":7}},"1":{"start":{"line":3,"column":0},"end":{"line":11,"column":1}}},"fnMap":{"0":{"name":"(anonymous_0)","decl":{"start":{"line":5,"column":9},"end":{"line":5,"column":14}},"loc":{"start":{"line":5,"column":53},"end":{"line":10,"column":3}}}},"branchMap":{},"s":{"0":0,"1":1},"f":{"0":0},"b":{}}
,"/Users/pasiuta/work/external/barbecue/src/controllers/User.ts": {"path":"/Users/pasiuta/work/external/barbecue/src/controllers/User.ts","statementMap":{"0":{"start":{"line":2,"column":0},"end":{"line":2,"column":37}},"1":{"start":{"line":6,"column":18},"end":{"line":6,"column":35}},"2":{"start":{"line":7,"column":4},"end":{"line":7,"column":20}},"3":{"start":{"line":11,"column":17},"end":{"line":11,"column":32}},"4":{"start":{"line":12,"column":17},"end":{"line":12,"column":45}},"5":{"start":{"line":13,"column":4},"end":{"line":13,"column":19}},"6":{"start":{"line":4,"column":0},"end":{"line":15,"column":1}}},"fnMap":{"0":{"name":"(anonymous_6)","decl":{"start":{"line":5,"column":9},"end":{"line":5,"column":14}},"loc":{"start":{"line":5,"column":61},"end":{"line":8,"column":3}}},"1":{"name":"(anonymous_8)","decl":{"start":{"line":10,"column":9},"end":{"line":10,"column":14}},"loc":{"start":{"line":10,"column":63},"end":{"line":14,"column":3}}}},"branchMap":{},"s":{"0":1,"1":0,"2":0,"3":0,"4":0,"5":0,"6":1},"f":{"0":0,"1":0},"b":{}}
,"/Users/pasiuta/work/external/barbecue/src/helpers/util.ts": {"path":"/Users/pasiuta/work/external/barbecue/src/helpers/util.ts","statementMap":{"0":{"start":{"line":1,"column":0},"end":{"line":1,"column":32}},"1":{"start":{"line":4,"column":25},"end":{"line":13,"column":1}},"2":{"start":{"line":5,"column":27},"end":{"line":5,"column":29}},"3":{"start":{"line":6,"column":2},"end":{"line":10,"column":5}},"4":{"start":{"line":7,"column":4},"end":{"line":9,"column":5}},"5":{"start":{"line":8,"column":6},"end":{"line":8,"column":37}},"6":{"start":{"line":12,"column":2},"end":{"line":12,"column":26}},"7":{"start":{"line":47,"column":2},"end":{"line":47,"column":18}},"8":{"start":{"line":15,"column":25},"end":{"line":24,"column":1}},"9":{"start":{"line":16,"column":27},"end":{"line":16,"column":29}},"10":{"start":{"line":17,"column":2},"end":{"line":21,"column":5}},"11":{"start":{"line":18,"column":4},"end":{"line":20,"column":5}},"12":{"start":{"line":19,"column":6},"end":{"line":19,"column":37}},"13":{"start":{"line":23,"column":2},"end":{"line":23,"column":26}},"14":{"start":{"line":48,"column":2},"end":{"line":48,"column":18}},"15":{"start":{"line":26,"column":21},"end":{"line":34,"column":1}},"16":{"start":{"line":27,"column":2},"end":{"line":31,"column":5}},"17":{"start":{"line":28,"column":4},"end":{"line":30,"column":5}},"18":{"start":{"line":29,"column":6},"end":{"line":29,"column":31}},"19":{"start":{"line":33,"column":2},"end":{"line":33,"column":18}},"20":{"start":{"line":49,"column":2},"end":{"line":49,"column":14}},"21":{"start":{"line":36,"column":18},"end":{"line":44,"column":1}},"22":{"start":{"line":37,"column":2},"end":{"line":41,"column":5}},"23":{"start":{"line":38,"column":4},"end":{"line":40,"column":5}},"24":{"start":{"line":39,"column":6},"end":{"line":39,"column":31}},"25":{"start":{"line":43,"column":2},"end":{"line":43,"column":18}},"26":{"start":{"line":50,"column":2},"end":{"line":50,"column":11}}},"fnMap":{"0":{"name":"(anonymous_0)","decl":{"start":{"line":4,"column":25},"end":{"line":4,"column":26}},"loc":{"start":{"line":4,"column":62},"end":{"line":13,"column":1}}},"1":{"name":"(anonymous_1)","decl":{"start":{"line":6,"column":20},"end":{"line":6,"column":21}},"loc":{"start":{"line":6,"column":32},"end":{"line":10,"column":3}}},"2":{"name":"(anonymous_2)","decl":{"start":{"line":15,"column":25},"end":{"line":15,"column":26}},"loc":{"start":{"line":15,"column":62},"end":{"line":24,"column":1}}},"3":{"name":"(anonymous_3)","decl":{"start":{"line":17,"column":20},"end":{"line":17,"column":21}},"loc":{"start":{"line":17,"column":32},"end":{"line":21,"column":3}}},"4":{"name":"(anonymous_4)","decl":{"start":{"line":26,"column":21},"end":{"line":26,"column":22}},"loc":{"start":{"line":26,"column":58},"end":{"line":34,"column":1}}},"5":{"name":"(anonymous_5)","decl":{"start":{"line":27,"column":20},"end":{"line":27,"column":21}},"loc":{"start":{"line":27,"column":32},"end":{"line":31,"column":3}}},"6":{"name":"(anonymous_6)","decl":{"start":{"line":36,"column":18},"end":{"line":36,"column":19}},"loc":{"start":{"line":36,"column":55},"end":{"line":44,"column":1}}},"7":{"name":"(anonymous_7)","decl":{"start":{"line":37,"column":20},"end":{"line":37,"column":21}},"loc":{"start":{"line":37,"column":32},"end":{"line":41,"column":3}}}},"branchMap":{"0":{"loc":{"start":{"line":7,"column":4},"end":{"line":9,"column":5}},"type":"if","locations":[{"start":{"line":7,"column":4},"end":{"line":9,"column":5}},{"start":{"line":7,"column":4},"end":{"line":9,"column":5}}]},"1":{"loc":{"start":{"line":18,"column":4},"end":{"line":20,"column":5}},"type":"if","locations":[{"start":{"line":18,"column":4},"end":{"line":20,"column":5}},{"start":{"line":18,"column":4},"end":{"line":20,"column":5}}]},"2":{"loc":{"start":{"line":28,"column":4},"end":{"line":30,"column":5}},"type":"if","locations":[{"start":{"line":28,"column":4},"end":{"line":30,"column":5}},{"start":{"line":28,"column":4},"end":{"line":30,"column":5}}]},"3":{"loc":{"start":{"line":38,"column":4},"end":{"line":40,"column":5}},"type":"if","locations":[{"start":{"line":38,"column":4},"end":{"line":40,"column":5}},{"start":{"line":38,"column":4},"end":{"line":40,"column":5}}]}},"s":{"0":2,"1":2,"2":0,"3":0,"4":0,"5":0,"6":0,"7":2,"8":2,"9":1,"10":1,"11":3,"12":1,"13":1,"14":2,"15":2,"16":3,"17":12,"18":3,"19":3,"20":2,"21":2,"22":3,"23":12,"24":8,"25":3,"26":2},"f":{"0":0,"1":0,"2":1,"3":3,"4":3,"5":12,"6":3,"7":12},"b":{"0":[0,0],"1":[1,2],"2":[3,9],"3":[8,4]}}
,"/Users/pasiuta/work/external/barbecue/src/models/Category.ts": {"path":"/Users/pasiuta/work/external/barbecue/src/models/Category.ts","statementMap":{"0":{"start":{"line":1,"column":0},"end":{"line":1,"column":64}},"1":{"start":{"line":3,"column":23},"end":{"line":3,"column":33}},"2":{"start":{"line":9,"column":23},"end":{"line":14,"column":89}},"3":{"start":{"line":18,"column":32},"end":{"line":18,"column":105}},"4":{"start":{"line":21,"column":2},"end":{"line":21,"column":10}}},"fnMap":{},"branchMap":{},"s":{"0":2,"1":2,"2":2,"3":2,"4":2},"f":{},"b":{}}
,"/Users/pasiuta/work/external/barbecue/src/models/Product.ts": {"path":"/Users/pasiuta/work/external/barbecue/src/models/Product.ts","statementMap":{"0":{"start":{"line":1,"column":0},"end":{"line":1,"column":64}},"1":{"start":{"line":3,"column":23},"end":{"line":3,"column":32}},"2":{"start":{"line":15,"column":22},"end":{"line":42,"column":88}},"3":{"start":{"line":46,"column":30},"end":{"line":46,"column":100}},"4":{"start":{"line":49,"column":2},"end":{"line":49,"column":9}}},"fnMap":{},"branchMap":{},"s":{"0":2,"1":2,"2":2,"3":2,"4":2},"f":{},"b":{}}
,"/Users/pasiuta/work/external/barbecue/src/models/User.ts": {"path":"/Users/pasiuta/work/external/barbecue/src/models/User.ts","statementMap":{"0":{"start":{"line":1,"column":0},"end":{"line":1,"column":64}},"1":{"start":{"line":3,"column":23},"end":{"line":3,"column":29}},"2":{"start":{"line":9,"column":19},"end":{"line":18,"column":85}},"3":{"start":{"line":22,"column":24},"end":{"line":22,"column":85}},"4":{"start":{"line":25,"column":2},"end":{"line":25,"column":6}}},"fnMap":{},"branchMap":{},"s":{"0":1,"1":1,"2":1,"3":1,"4":1},"f":{},"b":{}}
,"/Users/pasiuta/work/external/barbecue/src/routes/BaseRoute.ts": {"path":"/Users/pasiuta/work/external/barbecue/src/routes/BaseRoute.ts","statementMap":{"0":{"start":{"line":1,"column":0},"end":{"line":1,"column":32}},"1":{"start":{"line":3,"column":0},"end":{"line":3,"column":28}},"2":{"start":{"line":11,"column":4},"end":{"line":11,"column":29}},"3":{"start":{"line":12,"column":4},"end":{"line":12,"column":27}},"4":{"start":{"line":16,"column":4},"end":{"line":16,"column":23}},"5":{"start":{"line":5,"column":0},"end":{"line":19,"column":1}}},"fnMap":{"0":{"name":"(anonymous_0)","decl":{"start":{"line":10,"column":2},"end":{"line":null,"column":-1}},"loc":{"start":{"line":10,"column":2},"end":{"line":13,"column":3}}},"1":{"name":"(anonymous_1)","decl":{"start":{"line":15,"column":9},"end":{"line":15,"column":18}},"loc":{"start":{"line":15,"column":19},"end":{"line":17,"column":3}}}},"branchMap":{},"s":{"0":1,"1":1,"2":4,"3":4,"4":0,"5":1},"f":{"0":4,"1":0},"b":{}}
,"/Users/pasiuta/work/external/barbecue/src/routes/Category.ts": {"path":"/Users/pasiuta/work/external/barbecue/src/routes/Category.ts","statementMap":{"0":{"start":{"line":2,"column":0},"end":{"line":2,"column":60}},"1":{"start":{"line":3,"column":0},"end":{"line":3,"column":39}},"2":{"start":{"line":8,"column":4},"end":{"line":8,"column":62}},"3":{"start":{"line":9,"column":4},"end":{"line":9,"column":73}},"4":{"start":{"line":10,"column":4},"end":{"line":10,"column":23}},"5":{"start":{"line":5,"column":0},"end":{"line":12,"column":1}}},"fnMap":{"0":{"name":"(anonymous_0)","decl":{"start":{"line":7,"column":9},"end":{"line":7,"column":18}},"loc":{"start":{"line":7,"column":19},"end":{"line":11,"column":3}}}},"branchMap":{},"s":{"0":1,"1":1,"2":1,"3":1,"4":1,"5":1},"f":{"0":1},"b":{}}
,"/Users/pasiuta/work/external/barbecue/src/routes/Product.ts": {"path":"/Users/pasiuta/work/external/barbecue/src/routes/Product.ts","statementMap":{"0":{"start":{"line":2,"column":0},"end":{"line":2,"column":58}},"1":{"start":{"line":3,"column":0},"end":{"line":3,"column":39}},"2":{"start":{"line":7,"column":4},"end":{"line":7,"column":59}},"3":{"start":{"line":8,"column":4},"end":{"line":8,"column":68}},"4":{"start":{"line":9,"column":4},"end":{"line":9,"column":68}},"5":{"start":{"line":10,"column":4},"end":{"line":10,"column":65}},"6":{"start":{"line":11,"column":4},"end":{"line":11,"column":83}},"7":{"start":{"line":12,"column":4},"end":{"line":12,"column":56}},"8":{"start":{"line":13,"column":4},"end":{"line":13,"column":23}},"9":{"start":{"line":5,"column":0},"end":{"line":15,"column":1}}},"fnMap":{"0":{"name":"(anonymous_0)","decl":{"start":{"line":6,"column":9},"end":{"line":6,"column":18}},"loc":{"start":{"line":6,"column":19},"end":{"line":14,"column":3}}}},"branchMap":{},"s":{"0":1,"1":1,"2":1,"3":1,"4":1,"5":1,"6":1,"7":1,"8":1,"9":1},"f":{"0":1},"b":{}}
,"/Users/pasiuta/work/external/barbecue/src/routes/Status.ts": {"path":"/Users/pasiuta/work/external/barbecue/src/routes/Status.ts","statementMap":{"0":{"start":{"line":2,"column":0},"end":{"line":2,"column":56}},"1":{"start":{"line":3,"column":0},"end":{"line":3,"column":39}},"2":{"start":{"line":8,"column":4},"end":{"line":8,"column":53}},"3":{"start":{"line":9,"column":4},"end":{"line":9,"column":23}},"4":{"start":{"line":5,"column":0},"end":{"line":11,"column":1}}},"fnMap":{"0":{"name":"(anonymous_0)","decl":{"start":{"line":7,"column":9},"end":{"line":7,"column":18}},"loc":{"start":{"line":7,"column":19},"end":{"line":10,"column":3}}}},"branchMap":{},"s":{"0":1,"1":1,"2":1,"3":1,"4":1},"f":{"0":1},"b":{}}
,"/Users/pasiuta/work/external/barbecue/src/routes/User.ts": {"path":"/Users/pasiuta/work/external/barbecue/src/routes/User.ts","statementMap":{"0":{"start":{"line":2,"column":0},"end":{"line":2,"column":52}},"1":{"start":{"line":3,"column":0},"end":{"line":3,"column":39}},"2":{"start":{"line":7,"column":4},"end":{"line":7,"column":53}},"3":{"start":{"line":8,"column":4},"end":{"line":8,"column":60}},"4":{"start":{"line":9,"column":4},"end":{"line":9,"column":23}},"5":{"start":{"line":5,"column":0},"end":{"line":11,"column":1}}},"fnMap":{"0":{"name":"(anonymous_0)","decl":{"start":{"line":6,"column":9},"end":{"line":6,"column":18}},"loc":{"start":{"line":6,"column":19},"end":{"line":10,"column":3}}}},"branchMap":{},"s":{"0":1,"1":1,"2":1,"3":1,"4":1,"5":1},"f":{"0":1},"b":{}}
,"/Users/pasiuta/work/external/barbecue/src/routes/index.ts": {"path":"/Users/pasiuta/work/external/barbecue/src/routes/index.ts","statementMap":{"0":{"start":{"line":4,"column":0},"end":{"line":4,"column":34}},"1":{"start":{"line":6,"column":0},"end":{"line":6,"column":42}},"2":{"start":{"line":7,"column":0},"end":{"line":7,"column":40}},"3":{"start":{"line":8,"column":0},"end":{"line":8,"column":38}},"4":{"start":{"line":9,"column":0},"end":{"line":9,"column":34}},"5":{"start":{"line":11,"column":15},"end":{"line":11,"column":31}},"6":{"start":{"line":19,"column":2},"end":{"line":19,"column":8}},"7":{"start":{"line":13,"column":0},"end":{"line":13,"column":54}},"8":{"start":{"line":14,"column":0},"end":{"line":14,"column":58}},"9":{"start":{"line":15,"column":0},"end":{"line":15,"column":50}},"10":{"start":{"line":16,"column":0},"end":{"line":16,"column":56}}},"fnMap":{},"branchMap":{},"s":{"0":1,"1":1,"2":1,"3":1,"4":1,"5":1,"6":1,"7":1,"8":1,"9":1,"10":1},"f":{},"b":{}}
}
