TN:
SF:/Users/pasiuta/work/external/barbecue/src/App.ts
FN:9,(anonymous_0)
FN:13,(anonymous_1)
FN:17,(anonymous_2)
FN:21,(anonymous_3)
FN:25,(anonymous_4)
FNF:5
FNH:4
FNDA:6,(anonymous_0)
FNDA:10,(anonymous_1)
FNDA:2,(anonymous_2)
FNDA:0,(anonymous_3)
FNDA:2,(anonymous_4)
DA:1,2
DA:2,2
DA:7,2
DA:10,6
DA:14,10
DA:18,2
DA:22,0
DA:26,2
DA:27,2
DA:28,2
DA:29,2
LF:11
LH:10
BRDA:26,0,0,2
BRDA:26,0,1,0
BRF:2
BRH:1
end_of_record
TN:
SF:/Users/pasiuta/work/external/barbecue/src/Server.ts
FN:13,(anonymous_0)
FN:18,(anonymous_1)
FN:19,(anonymous_2)
FN:22,(anonymous_3)
FN:26,(anonymous_4)
FN:27,(anonymous_5)
FN:34,(anonymous_6)
FN:35,(anonymous_7)
FN:43,(anonymous_8)
FN:51,(anonymous_9)
FN:55,(anonymous_10)
FN:72,(anonymous_11)
FN:74,(anonymous_12)
FN:79,(anonymous_13)
FN:86,(anonymous_14)
FN:88,(anonymous_15)
FNF:16
FNH:10
FNDA:1,(anonymous_0)
FNDA:1,(anonymous_1)
FNDA:0,(anonymous_2)
FNDA:10,(anonymous_3)
FNDA:1,(anonymous_4)
FNDA:0,(anonymous_5)
FNDA:0,(anonymous_6)
FNDA:0,(anonymous_7)
FNDA:1,(anonymous_8)
FNDA:1,(anonymous_9)
FNDA:4,(anonymous_10)
FNDA:1,(anonymous_11)
FNDA:0,(anonymous_12)
FNDA:1,(anonymous_13)
FNDA:1,(anonymous_14)
FNDA:0,(anonymous_15)
DA:1,1
DA:2,1
DA:3,1
DA:5,1
DA:6,1
DA:8,1
DA:14,1
DA:15,1
DA:16,1
DA:17,1
DA:18,1
DA:19,0
DA:23,10
DA:27,1
DA:28,0
DA:31,1
DA:35,0
DA:36,0
DA:37,0
DA:39,0
DA:44,1
DA:45,1
DA:52,1
DA:53,1
DA:54,1
DA:55,1
DA:56,4
DA:58,4
DA:59,4
DA:60,4
DA:61,4
DA:62,0
DA:64,4
DA:73,1
DA:74,1
DA:75,0
DA:80,1
DA:81,1
DA:82,1
DA:83,1
DA:84,1
DA:86,1
DA:87,1
DA:88,1
DA:89,0
DA:90,0
DA:93,1
LF:47
LH:37
BRDA:36,0,0,0
BRDA:36,0,1,0
BRDA:61,1,0,0
BRDA:61,1,1,4
BRF:4
BRH:1
end_of_record
TN:
SF:/Users/pasiuta/work/external/barbecue/src/controllers/Category.ts
FN:5,(anonymous_6)
FN:10,(anonymous_8)
FNF:2
FNH:0
FNDA:0,(anonymous_6)
FNDA:0,(anonymous_8)
DA:2,1
DA:4,1
DA:6,0
DA:7,0
DA:11,0
DA:12,0
DA:13,0
LF:7
LH:2
BRF:0
BRH:0
end_of_record
TN:
SF:/Users/pasiuta/work/external/barbecue/src/controllers/TransferTime.ts
FN:9,(anonymous_6)
FN:16,(anonymous_8)
FN:26,(anonymous_10)
FN:32,(anonymous_12)
FN:37,(anonymous_14)
FN:42,(anonymous_16)
FNF:6
FNH:4
FNDA:3,(anonymous_6)
FNDA:4,(anonymous_8)
FNDA:0,(anonymous_10)
FNDA:0,(anonymous_12)
FNDA:1,(anonymous_14)
FNDA:2,(anonymous_16)
DA:2,2
DA:3,2
DA:4,2
DA:5,2
DA:6,2
DA:8,2
DA:10,3
DA:11,3
DA:12,3
DA:13,3
DA:17,4
DA:18,4
DA:19,1
DA:21,3
DA:22,3
DA:27,0
DA:28,0
DA:29,0
DA:33,0
DA:34,0
DA:38,1
DA:39,1
DA:43,2
DA:44,2
DA:45,2
DA:46,2
DA:47,2
DA:49,0
LF:28
LH:22
BRDA:18,0,0,1
BRDA:18,0,1,3
BRF:2
BRH:2
end_of_record
TN:
SF:/Users/pasiuta/work/external/barbecue/src/controllers/Status.ts
FN:5,(anonymous_0)
FNF:1
FNH:0
FNDA:0,(anonymous_0)
DA:3,1
DA:6,0
LF:2
LH:1
BRF:0
BRH:0
end_of_record
TN:
SF:/Users/pasiuta/work/external/barbecue/src/controllers/User.ts
FN:5,(anonymous_6)
FN:10,(anonymous_8)
FNF:2
FNH:0
FNDA:0,(anonymous_6)
FNDA:0,(anonymous_8)
DA:2,1
DA:4,1
DA:6,0
DA:7,0
DA:11,0
DA:12,0
DA:13,0
LF:7
LH:2
BRF:0
BRH:0
end_of_record
TN:
SF:/Users/pasiuta/work/external/barbecue/src/helpers/util.ts
FN:4,(anonymous_0)
FN:6,(anonymous_1)
FN:15,(anonymous_2)
FN:17,(anonymous_3)
FN:26,(anonymous_4)
FN:27,(anonymous_5)
FN:36,(anonymous_6)
FN:37,(anonymous_7)
FNF:8
FNH:6
FNDA:0,(anonymous_0)
FNDA:0,(anonymous_1)
FNDA:1,(anonymous_2)
FNDA:3,(anonymous_3)
FNDA:3,(anonymous_4)
FNDA:12,(anonymous_5)
FNDA:3,(anonymous_6)
FNDA:12,(anonymous_7)
DA:1,2
DA:4,2
DA:5,0
DA:6,0
DA:7,0
DA:8,0
DA:12,0
DA:15,2
DA:16,1
DA:17,1
DA:18,3
DA:19,1
DA:23,1
DA:26,2
DA:27,3
DA:28,12
DA:29,3
DA:33,3
DA:36,2
DA:37,3
DA:38,12
DA:39,8
DA:43,3
DA:47,2
DA:48,2
DA:49,2
DA:50,2
LF:27
LH:22
BRDA:7,0,0,0
BRDA:7,0,1,0
BRDA:18,1,0,1
BRDA:18,1,1,2
BRDA:28,2,0,3
BRDA:28,2,1,9
BRDA:38,3,0,8
BRDA:38,3,1,4
BRF:8
BRH:6
end_of_record
TN:
SF:/Users/pasiuta/work/external/barbecue/src/models/Category.ts
FNF:0
FNH:0
DA:1,2
DA:3,2
DA:9,2
DA:18,2
DA:21,2
LF:5
LH:5
BRF:0
BRH:0
end_of_record
TN:
SF:/Users/pasiuta/work/external/barbecue/src/models/TransferTime.ts
FNF:0
FNH:0
DA:1,2
DA:3,2
DA:15,2
DA:46,2
DA:49,2
LF:5
LH:5
BRF:0
BRH:0
end_of_record
TN:
SF:/Users/pasiuta/work/external/barbecue/src/models/User.ts
FNF:0
FNH:0
DA:1,1
DA:3,1
DA:9,1
DA:22,1
DA:25,1
LF:5
LH:5
BRF:0
BRH:0
end_of_record
TN:
SF:/Users/pasiuta/work/external/barbecue/src/routes/BaseRoute.ts
FN:10,(anonymous_0)
FN:15,(anonymous_1)
FNF:2
FNH:1
FNDA:4,(anonymous_0)
FNDA:0,(anonymous_1)
DA:1,1
DA:3,1
DA:5,1
DA:11,4
DA:12,4
DA:16,0
LF:6
LH:5
BRF:0
BRH:0
end_of_record
TN:
SF:/Users/pasiuta/work/external/barbecue/src/routes/Category.ts
FN:7,(anonymous_0)
FNF:1
FNH:1
FNDA:1,(anonymous_0)
DA:2,1
DA:3,1
DA:5,1
DA:8,1
DA:9,1
DA:10,1
LF:6
LH:6
BRF:0
BRH:0
end_of_record
TN:
SF:/Users/pasiuta/work/external/barbecue/src/routes/TransferTime.ts
FN:6,(anonymous_0)
FNF:1
FNH:1
FNDA:1,(anonymous_0)
DA:2,1
DA:3,1
DA:5,1
DA:7,1
DA:8,1
DA:9,1
DA:10,1
DA:11,1
DA:12,1
DA:13,1
LF:10
LH:10
BRF:0
BRH:0
end_of_record
TN:
SF:/Users/pasiuta/work/external/barbecue/src/routes/Status.ts
FN:7,(anonymous_0)
FNF:1
FNH:1
FNDA:1,(anonymous_0)
DA:2,1
DA:3,1
DA:5,1
DA:8,1
DA:9,1
LF:5
LH:5
BRF:0
BRH:0
end_of_record
TN:
SF:/Users/pasiuta/work/external/barbecue/src/routes/User.ts
FN:6,(anonymous_0)
FNF:1
FNH:1
FNDA:1,(anonymous_0)
DA:2,1
DA:3,1
DA:5,1
DA:7,1
DA:8,1
DA:9,1
LF:6
LH:6
BRF:0
BRH:0
end_of_record
TN:
SF:/Users/pasiuta/work/external/barbecue/src/routes/index.ts
FNF:0
FNH:0
DA:4,1
DA:6,1
DA:7,1
DA:8,1
DA:9,1
DA:11,1
DA:13,1
DA:14,1
DA:15,1
DA:16,1
DA:19,1
LF:11
LH:11
BRF:0
BRH:0
end_of_record
